<?xml version="1.0" encoding="UTF-8"?>
<!-- Generated by org.testng.reporters.JUnitReportReporter -->
<testsuite hostname="DESKTOP-5TLKQ0Q" failures="0" tests="5" name="TestSauceDemo.TestLoginSauceDemo" time="8.896"
           errors="0" timestamp="2022-04-22T22:35:37 CEST" skipped="0">
    <testcase classname="TestSauceDemo.TestLoginSauceDemo" name="testLoginWithInvalidData" time="1.066"/>
    <system-out/>
    <testcase classname="TestSauceDemo.TestLoginSauceDemo" name="testLoginWithLockedOutUser" time="0.832"/>
    <system-out/>
    <testcase classname="TestSauceDemo.TestLoginSauceDemo" name="testLoginWithProblemUser" time="0.823"/>
    <system-out/>
    <testcase classname="TestSauceDemo.TestLoginSauceDemo" name="testLoginWithPerformanceGlitchUser" time="5.705"/>
    <system-out/>
    <testcase classname="TestSauceDemo.TestLoginSauceDemo" name="testSuccessfulLogin" time="0.470"/>
    <system-out/>
</testsuite> <!-- TestSauceDemo.TestLoginSauceDemo -->
