<?xml version="1.0" encoding="UTF-8"?>
<!-- Generated by org.testng.reporters.JUnitReportReporter -->
<testsuite hostname="DESKTOP-5TLKQ0Q" failures="0" tests="2" name="TestSauceDemo.TestSortingSauceDemo" time="3.929" errors="0" timestamp="2022-04-25T18:19:06 CEST" skipped="0">
  <testcase classname="TestSauceDemo.TestSortingSauceDemo" name="testSortingByNameAtoZ" time="1.130"/>
  <system-out/>
  <testcase classname="TestSauceDemo.TestSortingSauceDemo" name="testHighToLowPriceOrder" time="2.799"/>
  <system-out/>
</testsuite> <!-- TestSauceDemo.TestSortingSauceDemo -->
